<?xml version="1.0" encoding="UTF-8"?>
<!-- Generated by org.testng.reporters.JUnitReportReporter -->
<testsuite hostname="Vijays-MBP.lan" failures="0" tests="4" name="org.framework.TestNG2" time="0.632" errors="0" timestamp="2024-12-10T17:50:13 GMT" skipped="0">
  <testcase classname="org.framework.TestNG2" name="Testcase2" time="0.019"/>
  <system-out/>
  <testcase classname="org.framework.TestNG2" name="Testcase3" time="0.010"/>
  <system-out/>
  <testcase classname="org.framework.TestNG2" name="Testcase4" time="0.067"/>
  <system-out/>
  <testcase classname="org.framework.TestNG2" name="Testcase1" time="0.536"/>
  <system-out/>
</testsuite> <!-- org.framework.TestNG2 -->
